<?xml version="1.0" encoding="UTF-8"?>
<testsuite name="com.zerobase.account.service.AccountServiceTest" tests="2" skipped="0" failures="0" errors="0" timestamp="2024-05-19T06:57:01" hostname="DESKTOP-SUCI1FP" time="0.973">
  <properties/>
  <testcase name="testGetAccount()" classname="com.zerobase.account.service.AccountServiceTest" time="0.96"/>
  <testcase name="testGetAccount2()" classname="com.zerobase.account.service.AccountServiceTest" time="0.012"/>
  <system-out><![CDATA[Standard Commons Logging discovery in action with spring-jcl: please remove commons-logging.jar from classpath in order to avoid potential conflicts
15:56:55.078 [Test worker] INFO org.springframework.test.context.support.AnnotationConfigContextLoaderUtils -- Could not detect default configuration classes for test class [com.zerobase.account.service.AccountServiceTest]: AccountServiceTest does not declare any static, non-private, non-final, nested classes annotated with @Configuration.
15:56:55.225 [Test worker] INFO org.springframework.boot.test.context.SpringBootTestContextBootstrapper -- Found @SpringBootConfiguration com.zerobase.account.AccountApplication for test class com.zerobase.account.service.AccountServiceTest

  .   ____          _            __ _ _
 /\\ / ___'_ __ _ _(_)_ __  __ _ \ \ \ \
( ( )\___ | '_ | '_| | '_ \/ _` | \ \ \ \
 \\/  ___)| |_)| | | | | || (_| |  ) ) ) )
  '  |____| .__|_| |_|_| |_\__, | / / / /
 =========|_|==============|___/=/_/_/_/
 :: Spring Boot ::                (v3.2.5)

2024-05-19T15:56:55.818+09:00  INFO 7608 --- [    Test worker] c.z.account.service.AccountServiceTest   : Starting AccountServiceTest using Java 17.0.9 with PID 7608 (started by LES in C:\Users\LES\intellijWorkSpace\Account)
2024-05-19T15:56:55.822+09:00  INFO 7608 --- [    Test worker] c.z.account.service.AccountServiceTest   : No active profile set, falling back to 1 default profile: "default"
2024-05-19T15:56:56.768+09:00  INFO 7608 --- [    Test worker] .s.d.r.c.RepositoryConfigurationDelegate : Bootstrapping Spring Data JPA repositories in DEFAULT mode.
2024-05-19T15:56:57.085+09:00  INFO 7608 --- [    Test worker] .s.d.r.c.RepositoryConfigurationDelegate : Finished Spring Data repository scanning in 303 ms. Found 1 JPA repository interface.
2024-05-19T15:56:57.741+09:00  INFO 7608 --- [    Test worker] o.hibernate.jpa.internal.util.LogHelper  : HHH000204: Processing PersistenceUnitInfo [name: default]
2024-05-19T15:56:57.832+09:00  INFO 7608 --- [    Test worker] org.hibernate.Version                    : HHH000412: Hibernate ORM core version 6.4.4.Final
2024-05-19T15:56:57.877+09:00  INFO 7608 --- [    Test worker] o.h.c.internal.RegionFactoryInitiator    : HHH000026: Second-level cache disabled
2024-05-19T15:56:58.188+09:00  INFO 7608 --- [    Test worker] o.s.o.j.p.SpringPersistenceUnitInfo      : No LoadTimeWeaver setup: ignoring JPA class transformer
2024-05-19T15:56:58.220+09:00  INFO 7608 --- [    Test worker] com.zaxxer.hikari.HikariDataSource       : HikariPool-1 - Starting...
2024-05-19T15:56:58.422+09:00  INFO 7608 --- [    Test worker] com.zaxxer.hikari.pool.HikariPool        : HikariPool-1 - Added connection conn0: url=jdbc:h2:mem:test user=SA
2024-05-19T15:56:58.424+09:00  INFO 7608 --- [    Test worker] com.zaxxer.hikari.HikariDataSource       : HikariPool-1 - Start completed.
2024-05-19T15:56:58.455+09:00  WARN 7608 --- [    Test worker] org.hibernate.orm.deprecation            : HHH90000025: H2Dialect does not need to be specified explicitly using 'hibernate.dialect' (remove the property setting and it will be selected by default)
2024-05-19T15:56:59.475+09:00  INFO 7608 --- [    Test worker] o.h.e.t.j.p.i.JtaPlatformInitiator       : HHH000489: No JTA platform available (set 'hibernate.transaction.jta.platform' to enable JTA platform integration)
Hibernate: 
    drop table if exists account cascade 
Hibernate: 
    drop sequence if exists account_seq
Hibernate: 
    create sequence account_seq start with 1 increment by 50
Hibernate: 
    create table account (
        id bigint not null,
        account_number varchar(255),
        account_status varchar(255) check (account_status in ('IN_USE','UNREGISTERED')),
        primary key (id)
    )
2024-05-19T15:56:59.521+09:00  INFO 7608 --- [    Test worker] j.LocalContainerEntityManagerFactoryBean : Initialized JPA EntityManagerFactory for persistence unit 'default'
2024-05-19T15:57:00.542+09:00  INFO 7608 --- [    Test worker] org.redisson.Version                     : Redisson 3.17.1
2024-05-19T15:57:00.908+09:00  INFO 7608 --- [sson-netty-2-13] o.r.c.pool.MasterPubSubConnectionPool    : 1 connections initialized for 127.0.0.1/127.0.0.1:6379
2024-05-19T15:57:00.935+09:00  INFO 7608 --- [sson-netty-2-19] o.r.c.pool.MasterConnectionPool          : 24 connections initialized for 127.0.0.1/127.0.0.1:6379
2024-05-19T15:57:01.727+09:00  INFO 7608 --- [    Test worker] o.s.b.a.h2.H2ConsoleAutoConfiguration    : H2 console available at '/h2-console'. Database available at 'jdbc:h2:mem:test'
2024-05-19T15:57:01.835+09:00  INFO 7608 --- [    Test worker] c.z.account.service.AccountServiceTest   : Started AccountServiceTest in 6.353 seconds (process running for 8.037)
Hibernate: 
    select
        next value for account_seq
Hibernate: 
    insert 
    into
        account
        (account_number, account_status, id) 
    values
        (?, ?, ?)
Hibernate: 
    select
        next value for account_seq
Hibernate: 
    insert 
    into
        account
        (account_number, account_status, id) 
    values
        (?, ?, ?)
Hibernate: 
    select
        a1_0.id,
        a1_0.account_number,
        a1_0.account_status 
    from
        account a1_0 
    where
        a1_0.id=?
Hibernate: 
    insert 
    into
        account
        (account_number, account_status, id) 
    values
        (?, ?, ?)
Hibernate: 
    insert 
    into
        account
        (account_number, account_status, id) 
    values
        (?, ?, ?)
Hibernate: 
    select
        a1_0.id,
        a1_0.account_number,
        a1_0.account_status 
    from
        account a1_0 
    where
        a1_0.id=?
]]></system-out>
  <system-err><![CDATA[]]></system-err>
</testsuite>
